<?xml version="1.0" encoding="UTF-8"?>
<testsuite name="model.GridTest" tests="3" skipped="0" failures="0" errors="0" timestamp="2023-09-18T08:15:25" hostname="pl-portable-linux" time="0.186">
  <properties/>
  <testcase name="testCountAliveNeighbours()" classname="model.GridTest" time="0.173"/>
  <testcase name="testGetNeighbours()" classname="model.GridTest" time="0.009"/>
  <testcase name="testCalculateNextState()" classname="model.GridTest" time="0.002"/>
  <system-out><![CDATA[]]></system-out>
  <system-err><![CDATA[]]></system-err>
</testsuite>
